{"name":"testSearch","status":"broken","statusDetails":{"known":false,"muted":false,"flaky":false,"message":"session not created: This version of ChromeDriver only supports Chrome version 86\nCurrent browser version is 88.0.4324.192 with binary path /Applications/Google Chrome.app/Contents/MacOS/Google Chrome\nBuild info: version: '3.12.0', revision: '7c6e0b3', time: '2018-05-08T14:04:26.12Z'\nSystem info: host: 'MacBook-Air-Dasha.local', ip: 'fe80:0:0:0:c7b:f026:e9b8:ea2d%en0', os.name: 'Mac OS X', os.arch: 'x86_64', os.version: '10.16', java.version: '1.8.0_261'\nDriver info: driver.version: ChromeDriver\nremote stacktrace: 0   chromedriver                        0x0000000104bccc29 chromedriver + 2464809\n1   chromedriver                        0x00000001052076f3 chromedriver + 8996595\n2   chromedriver                        0x0000000104a11d56 chromedriver + 650582\n3   chromedriver                        0x000000010498bf9a chromedriver + 102298\n4   chromedriver                        0x0000000104988177 chromedriver + 86391\n5   chromedriver                        0x0000000104985430 chromedriver + 74800\n6   chromedriver                        0x00000001049b7326 chromedriver + 279334\n7   chromedriver                        0x00000001049b43f3 chromedriver + 267251\n8   chromedriver                        0x000000010498e230 chromedriver + 111152\n9   chromedriver                        0x000000010498f1a7 chromedriver + 115111\n10  chromedriver                        0x0000000104b9f830 chromedriver + 2279472\n11  chromedriver                        0x0000000104baa83a chromedriver + 2324538\n12  chromedriver                        0x0000000104baa4a7 chromedriver + 2323623\n13  chromedriver                        0x0000000104b86945 chromedriver + 2177349\n14  chromedriver                        0x0000000104baad41 chromedriver + 2325825\n15  chromedriver                        0x0000000104b94bda chromedriver + 2235354\n16  chromedriver                        0x0000000104bbfc4a chromedriver + 2411594\n17  chromedriver                        0x0000000104bd1987 chromedriver + 2484615\n18  libsystem_pthread.dylib             0x00007fff204bb950 _pthread_start + 224\n19  libsystem_pthread.dylib             0x00007fff204b747b thread_start + 15\n","trace":"org.openqa.selenium.SessionNotCreatedException: session not created: This version of ChromeDriver only supports Chrome version 86\nCurrent browser version is 88.0.4324.192 with binary path /Applications/Google Chrome.app/Contents/MacOS/Google Chrome\nBuild info: version: '3.12.0', revision: '7c6e0b3', time: '2018-05-08T14:04:26.12Z'\nSystem info: host: 'MacBook-Air-Dasha.local', ip: 'fe80:0:0:0:c7b:f026:e9b8:ea2d%en0', os.name: 'Mac OS X', os.arch: 'x86_64', os.version: '10.16', java.version: '1.8.0_261'\nDriver info: driver.version: ChromeDriver\nremote stacktrace: 0   chromedriver                        0x0000000104bccc29 chromedriver + 2464809\n1   chromedriver                        0x00000001052076f3 chromedriver + 8996595\n2   chromedriver                        0x0000000104a11d56 chromedriver + 650582\n3   chromedriver                        0x000000010498bf9a chromedriver + 102298\n4   chromedriver                        0x0000000104988177 chromedriver + 86391\n5   chromedriver                        0x0000000104985430 chromedriver + 74800\n6   chromedriver                        0x00000001049b7326 chromedriver + 279334\n7   chromedriver                        0x00000001049b43f3 chromedriver + 267251\n8   chromedriver                        0x000000010498e230 chromedriver + 111152\n9   chromedriver                        0x000000010498f1a7 chromedriver + 115111\n10  chromedriver                        0x0000000104b9f830 chromedriver + 2279472\n11  chromedriver                        0x0000000104baa83a chromedriver + 2324538\n12  chromedriver                        0x0000000104baa4a7 chromedriver + 2323623\n13  chromedriver                        0x0000000104b86945 chromedriver + 2177349\n14  chromedriver                        0x0000000104baad41 chromedriver + 2325825\n15  chromedriver                        0x0000000104b94bda chromedriver + 2235354\n16  chromedriver                        0x0000000104bbfc4a chromedriver + 2411594\n17  chromedriver                        0x0000000104bd1987 chromedriver + 2484615\n18  libsystem_pthread.dylib             0x00007fff204bb950 _pthread_start + 224\n19  libsystem_pthread.dylib             0x00007fff204b747b thread_start + 15\n\n\tat sun.reflect.NativeConstructorAccessorImpl.newInstance0(Native Method)\n\tat sun.reflect.NativeConstructorAccessorImpl.newInstance(NativeConstructorAccessorImpl.java:62)\n\tat sun.reflect.DelegatingConstructorAccessorImpl.newInstance(DelegatingConstructorAccessorImpl.java:45)\n\tat java.lang.reflect.Constructor.newInstance(Constructor.java:423)\n\tat org.openqa.selenium.remote.W3CHandshakeResponse.lambda$new$0(W3CHandshakeResponse.java:57)\n\tat org.openqa.selenium.remote.W3CHandshakeResponse.lambda$getResponseFunction$2(W3CHandshakeResponse.java:104)\n\tat org.openqa.selenium.remote.ProtocolHandshake.lambda$createSession$0(ProtocolHandshake.java:123)\n\tat java.util.stream.ReferencePipeline$3$1.accept(ReferencePipeline.java:193)\n\tat java.util.Spliterators$ArraySpliterator.tryAdvance(Spliterators.java:958)\n\tat java.util.stream.ReferencePipeline.forEachWithCancel(ReferencePipeline.java:126)\n\tat java.util.stream.AbstractPipeline.copyIntoWithCancel(AbstractPipeline.java:499)\n\tat java.util.stream.AbstractPipeline.copyInto(AbstractPipeline.java:486)\n\tat java.util.stream.AbstractPipeline.wrapAndCopyInto(AbstractPipeline.java:472)\n\tat java.util.stream.FindOps$FindOp.evaluateSequential(FindOps.java:152)\n\tat java.util.stream.AbstractPipeline.evaluate(AbstractPipeline.java:234)\n\tat java.util.stream.ReferencePipeline.findFirst(ReferencePipeline.java:464)\n\tat org.openqa.selenium.remote.ProtocolHandshake.createSession(ProtocolHandshake.java:126)\n\tat org.openqa.selenium.remote.ProtocolHandshake.createSession(ProtocolHandshake.java:73)\n\tat org.openqa.selenium.remote.HttpCommandExecutor.execute(HttpCommandExecutor.java:136)\n\tat org.openqa.selenium.remote.service.DriverCommandExecutor.execute(DriverCommandExecutor.java:83)\n\tat org.openqa.selenium.remote.RemoteWebDriver.execute(RemoteWebDriver.java:543)\n\tat org.openqa.selenium.remote.RemoteWebDriver.startSession(RemoteWebDriver.java:207)\n\tat org.openqa.selenium.remote.RemoteWebDriver.<init>(RemoteWebDriver.java:130)\n\tat org.openqa.selenium.chrome.ChromeDriver.<init>(ChromeDriver.java:181)\n\tat org.openqa.selenium.chrome.ChromeDriver.<init>(ChromeDriver.java:168)\n\tat org.openqa.selenium.chrome.ChromeDriver.<init>(ChromeDriver.java:157)\n\tat lib.Platform.getDriver(Platform.java:49)\n\tat lib.CoreTestCase.setUp_aroundBody0(CoreTestCase.java:23)\n\tat lib.CoreTestCase$AjcClosure1.run(CoreTestCase.java:1)\n\tat org.aspectj.runtime.reflect.JoinPointImpl.proceed(JoinPointImpl.java:149)\n\tat io.qameta.allure.aspects.StepsAspects.step(StepsAspects.java:50)\n\tat lib.CoreTestCase.setUp(CoreTestCase.java:22)\n\tat junit.framework.TestCase.runBare(TestCase.java:139)\n\tat junit.framework.TestResult$1.protect(TestResult.java:122)\n\tat junit.framework.TestResult.runProtected(TestResult.java:142)\n\tat junit.framework.TestResult.run(TestResult.java:125)\n\tat junit.framework.TestCase.run(TestCase.java:129)\n\tat junit.framework.TestSuite.runTest(TestSuite.java:252)\n\tat junit.framework.TestSuite.run(TestSuite.java:247)\n\tat org.junit.internal.runners.JUnit38ClassRunner.run(JUnit38ClassRunner.java:86)\n\tat org.apache.maven.surefire.junit4.JUnit4Provider.execute(JUnit4Provider.java:252)\n\tat org.apache.maven.surefire.junit4.JUnit4Provider.executeTestSet(JUnit4Provider.java:141)\n\tat org.apache.maven.surefire.junit4.JUnit4Provider.invoke(JUnit4Provider.java:112)\n\tat sun.reflect.NativeMethodAccessorImpl.invoke0(Native Method)\n\tat sun.reflect.NativeMethodAccessorImpl.invoke(NativeMethodAccessorImpl.java:62)\n\tat sun.reflect.DelegatingMethodAccessorImpl.invoke(DelegatingMethodAccessorImpl.java:43)\n\tat java.lang.reflect.Method.invoke(Method.java:498)\n\tat org.apache.maven.surefire.util.ReflectionUtils.invokeMethodWithArray(ReflectionUtils.java:189)\n\tat org.apache.maven.surefire.booter.ProviderFactory$ProviderProxy.invoke(ProviderFactory.java:165)\n\tat org.apache.maven.surefire.booter.ProviderFactory.invokeProvider(ProviderFactory.java:85)\n\tat org.apache.maven.surefire.booter.ForkedBooter.runSuitesInProcess(ForkedBooter.java:115)\n\tat org.apache.maven.surefire.booter.ForkedBooter.main(ForkedBooter.java:75)\n"},"stage":"finished","steps":[{"name":"Run driver and session","status":"broken","statusDetails":{"known":false,"muted":false,"flaky":false,"message":"session not created: This version of ChromeDriver only supports Chrome version 86\nCurrent browser version is 88.0.4324.192 with binary path /Applications/Google Chrome.app/Contents/MacOS/Google Chrome\nBuild info: version: '3.12.0', revision: '7c6e0b3', time: '2018-05-08T14:04:26.12Z'\nSystem info: host: 'MacBook-Air-Dasha.local', ip: 'fe80:0:0:0:c7b:f026:e9b8:ea2d%en0', os.name: 'Mac OS X', os.arch: 'x86_64', os.version: '10.16', java.version: '1.8.0_261'\nDriver info: driver.version: ChromeDriver\nremote stacktrace: 0   chromedriver                        0x0000000104bccc29 chromedriver + 2464809\n1   chromedriver                        0x00000001052076f3 chromedriver + 8996595\n2   chromedriver                        0x0000000104a11d56 chromedriver + 650582\n3   chromedriver                        0x000000010498bf9a chromedriver + 102298\n4   chromedriver                        0x0000000104988177 chromedriver + 86391\n5   chromedriver                        0x0000000104985430 chromedriver + 74800\n6   chromedriver                        0x00000001049b7326 chromedriver + 279334\n7   chromedriver                        0x00000001049b43f3 chromedriver + 267251\n8   chromedriver                        0x000000010498e230 chromedriver + 111152\n9   chromedriver                        0x000000010498f1a7 chromedriver + 115111\n10  chromedriver                        0x0000000104b9f830 chromedriver + 2279472\n11  chromedriver                        0x0000000104baa83a chromedriver + 2324538\n12  chromedriver                        0x0000000104baa4a7 chromedriver + 2323623\n13  chromedriver                        0x0000000104b86945 chromedriver + 2177349\n14  chromedriver                        0x0000000104baad41 chromedriver + 2325825\n15  chromedriver                        0x0000000104b94bda chromedriver + 2235354\n16  chromedriver                        0x0000000104bbfc4a chromedriver + 2411594\n17  chromedriver                        0x0000000104bd1987 chromedriver + 2484615\n18  libsystem_pthread.dylib             0x00007fff204bb950 _pthread_start + 224\n19  libsystem_pthread.dylib             0x00007fff204b747b thread_start + 15\n","trace":"org.openqa.selenium.SessionNotCreatedException: session not created: This version of ChromeDriver only supports Chrome version 86\nCurrent browser version is 88.0.4324.192 with binary path /Applications/Google Chrome.app/Contents/MacOS/Google Chrome\nBuild info: version: '3.12.0', revision: '7c6e0b3', time: '2018-05-08T14:04:26.12Z'\nSystem info: host: 'MacBook-Air-Dasha.local', ip: 'fe80:0:0:0:c7b:f026:e9b8:ea2d%en0', os.name: 'Mac OS X', os.arch: 'x86_64', os.version: '10.16', java.version: '1.8.0_261'\nDriver info: driver.version: ChromeDriver\nremote stacktrace: 0   chromedriver                        0x0000000104bccc29 chromedriver + 2464809\n1   chromedriver                        0x00000001052076f3 chromedriver + 8996595\n2   chromedriver                        0x0000000104a11d56 chromedriver + 650582\n3   chromedriver                        0x000000010498bf9a chromedriver + 102298\n4   chromedriver                        0x0000000104988177 chromedriver + 86391\n5   chromedriver                        0x0000000104985430 chromedriver + 74800\n6   chromedriver                        0x00000001049b7326 chromedriver + 279334\n7   chromedriver                        0x00000001049b43f3 chromedriver + 267251\n8   chromedriver                        0x000000010498e230 chromedriver + 111152\n9   chromedriver                        0x000000010498f1a7 chromedriver + 115111\n10  chromedriver                        0x0000000104b9f830 chromedriver + 2279472\n11  chromedriver                        0x0000000104baa83a chromedriver + 2324538\n12  chromedriver                        0x0000000104baa4a7 chromedriver + 2323623\n13  chromedriver                        0x0000000104b86945 chromedriver + 2177349\n14  chromedriver                        0x0000000104baad41 chromedriver + 2325825\n15  chromedriver                        0x0000000104b94bda chromedriver + 2235354\n16  chromedriver                        0x0000000104bbfc4a chromedriver + 2411594\n17  chromedriver                        0x0000000104bd1987 chromedriver + 2484615\n18  libsystem_pthread.dylib             0x00007fff204bb950 _pthread_start + 224\n19  libsystem_pthread.dylib             0x00007fff204b747b thread_start + 15\n\n\tat sun.reflect.NativeConstructorAccessorImpl.newInstance0(Native Method)\n\tat sun.reflect.NativeConstructorAccessorImpl.newInstance(NativeConstructorAccessorImpl.java:62)\n\tat sun.reflect.DelegatingConstructorAccessorImpl.newInstance(DelegatingConstructorAccessorImpl.java:45)\n\tat java.lang.reflect.Constructor.newInstance(Constructor.java:423)\n\tat org.openqa.selenium.remote.W3CHandshakeResponse.lambda$new$0(W3CHandshakeResponse.java:57)\n\tat org.openqa.selenium.remote.W3CHandshakeResponse.lambda$getResponseFunction$2(W3CHandshakeResponse.java:104)\n\tat org.openqa.selenium.remote.ProtocolHandshake.lambda$createSession$0(ProtocolHandshake.java:123)\n\tat java.util.stream.ReferencePipeline$3$1.accept(ReferencePipeline.java:193)\n\tat java.util.Spliterators$ArraySpliterator.tryAdvance(Spliterators.java:958)\n\tat java.util.stream.ReferencePipeline.forEachWithCancel(ReferencePipeline.java:126)\n\tat java.util.stream.AbstractPipeline.copyIntoWithCancel(AbstractPipeline.java:499)\n\tat java.util.stream.AbstractPipeline.copyInto(AbstractPipeline.java:486)\n\tat java.util.stream.AbstractPipeline.wrapAndCopyInto(AbstractPipeline.java:472)\n\tat java.util.stream.FindOps$FindOp.evaluateSequential(FindOps.java:152)\n\tat java.util.stream.AbstractPipeline.evaluate(AbstractPipeline.java:234)\n\tat java.util.stream.ReferencePipeline.findFirst(ReferencePipeline.java:464)\n\tat org.openqa.selenium.remote.ProtocolHandshake.createSession(ProtocolHandshake.java:126)\n\tat org.openqa.selenium.remote.ProtocolHandshake.createSession(ProtocolHandshake.java:73)\n\tat org.openqa.selenium.remote.HttpCommandExecutor.execute(HttpCommandExecutor.java:136)\n\tat org.openqa.selenium.remote.service.DriverCommandExecutor.execute(DriverCommandExecutor.java:83)\n\tat org.openqa.selenium.remote.RemoteWebDriver.execute(RemoteWebDriver.java:543)\n\tat org.openqa.selenium.remote.RemoteWebDriver.startSession(RemoteWebDriver.java:207)\n\tat org.openqa.selenium.remote.RemoteWebDriver.<init>(RemoteWebDriver.java:130)\n\tat org.openqa.selenium.chrome.ChromeDriver.<init>(ChromeDriver.java:181)\n\tat org.openqa.selenium.chrome.ChromeDriver.<init>(ChromeDriver.java:168)\n\tat org.openqa.selenium.chrome.ChromeDriver.<init>(ChromeDriver.java:157)\n\tat lib.Platform.getDriver(Platform.java:49)\n\tat lib.CoreTestCase.setUp_aroundBody0(CoreTestCase.java:23)\n\tat lib.CoreTestCase$AjcClosure1.run(CoreTestCase.java:1)\n\tat org.aspectj.runtime.reflect.JoinPointImpl.proceed(JoinPointImpl.java:149)\n\tat io.qameta.allure.aspects.StepsAspects.step(StepsAspects.java:50)\n\tat lib.CoreTestCase.setUp(CoreTestCase.java:22)\n\tat junit.framework.TestCase.runBare(TestCase.java:139)\n\tat junit.framework.TestResult$1.protect(TestResult.java:122)\n\tat junit.framework.TestResult.runProtected(TestResult.java:142)\n\tat junit.framework.TestResult.run(TestResult.java:125)\n\tat junit.framework.TestCase.run(TestCase.java:129)\n\tat junit.framework.TestSuite.runTest(TestSuite.java:252)\n\tat junit.framework.TestSuite.run(TestSuite.java:247)\n\tat org.junit.internal.runners.JUnit38ClassRunner.run(JUnit38ClassRunner.java:86)\n\tat org.apache.maven.surefire.junit4.JUnit4Provider.execute(JUnit4Provider.java:252)\n\tat org.apache.maven.surefire.junit4.JUnit4Provider.executeTestSet(JUnit4Provider.java:141)\n\tat org.apache.maven.surefire.junit4.JUnit4Provider.invoke(JUnit4Provider.java:112)\n\tat sun.reflect.NativeMethodAccessorImpl.invoke0(Native Method)\n\tat sun.reflect.NativeMethodAccessorImpl.invoke(NativeMethodAccessorImpl.java:62)\n\tat sun.reflect.DelegatingMethodAccessorImpl.invoke(DelegatingMethodAccessorImpl.java:43)\n\tat java.lang.reflect.Method.invoke(Method.java:498)\n\tat org.apache.maven.surefire.util.ReflectionUtils.invokeMethodWithArray(ReflectionUtils.java:189)\n\tat org.apache.maven.surefire.booter.ProviderFactory$ProviderProxy.invoke(ProviderFactory.java:165)\n\tat org.apache.maven.surefire.booter.ProviderFactory.invokeProvider(ProviderFactory.java:85)\n\tat org.apache.maven.surefire.booter.ForkedBooter.runSuitesInProcess(ForkedBooter.java:115)\n\tat org.apache.maven.surefire.booter.ForkedBooter.main(ForkedBooter.java:75)\n"},"stage":"finished","steps":[],"attachments":[],"parameters":[],"start":1614754618095,"stop":1614754619580}],"attachments":[],"parameters":[],"start":1614754618095,"stop":1614754619583,"uuid":"76392583-9b60-4725-93be-55d951041615","historyId":"ff88f2b95d9560c803df96bb45fbdb8","fullName":"tests.SearchTests.testSearch","labels":[{"name":"package","value":"tests"},{"name":"testClass","value":"tests.SearchTests"},{"name":"testMethod","value":"testSearch"},{"name":"suite","value":"tests.SearchTests"},{"name":"host","value":"MacBook-Air-Dasha.local"},{"name":"thread","value":"3367@MacBook-Air-Dasha.local.main(1)"},{"name":"epic","value":"Search"}],"links":[]}