{"name":"testSearch","status":"broken","statusDetails":{"known":false,"muted":false,"flaky":false,"message":"Expected condition failed: Cannot find search result with substring bject-oriented programming language/n (tried for 5 second(s) with 500 milliseconds interval)","trace":"org.openqa.selenium.TimeoutException: Expected condition failed: Cannot find search result with substring bject-oriented programming language/n (tried for 5 second(s) with 500 milliseconds interval)\n\tat org.openqa.selenium.support.ui.WebDriverWait.timeoutException(WebDriverWait.java:81)\n\tat org.openqa.selenium.support.ui.FluentWait.until(FluentWait.java:271)\n\tat lib.ui.MainPageObject.waitForElementPresent(MainPageObject.java:33)\n\tat lib.ui.MainPageObject.waitForElementPresent(MainPageObject.java:39)\n\tat lib.ui.SearchPageObject.waitForSearchResult(SearchPageObject.java:56)\n\tat tests.SearchTests.testSearch_aroundBody0(SearchTests.java:26)\n\tat tests.SearchTests$AjcClosure1.run(SearchTests.java:1)\n\tat org.aspectj.runtime.reflect.JoinPointImpl.proceed(JoinPointImpl.java:149)\n\tat io.qameta.allure.aspects.StepsAspects.step(StepsAspects.java:50)\n\tat tests.SearchTests.testSearch(SearchTests.java:23)\n\tat sun.reflect.NativeMethodAccessorImpl.invoke0(Native Method)\n\tat sun.reflect.NativeMethodAccessorImpl.invoke(NativeMethodAccessorImpl.java:62)\n\tat sun.reflect.DelegatingMethodAccessorImpl.invoke(DelegatingMethodAccessorImpl.java:43)\n\tat java.lang.reflect.Method.invoke(Method.java:498)\n\tat junit.framework.TestCase.runTest(TestCase.java:176)\n\tat junit.framework.TestCase.runBare(TestCase.java:141)\n\tat junit.framework.TestResult$1.protect(TestResult.java:122)\n\tat junit.framework.TestResult.runProtected(TestResult.java:142)\n\tat junit.framework.TestResult.run(TestResult.java:125)\n\tat junit.framework.TestCase.run(TestCase.java:129)\n\tat junit.framework.TestSuite.runTest(TestSuite.java:252)\n\tat junit.framework.TestSuite.run(TestSuite.java:247)\n\tat org.junit.internal.runners.JUnit38ClassRunner.run(JUnit38ClassRunner.java:86)\n\tat org.apache.maven.surefire.junit4.JUnit4Provider.execute(JUnit4Provider.java:252)\n\tat org.apache.maven.surefire.junit4.JUnit4Provider.executeTestSet(JUnit4Provider.java:141)\n\tat org.apache.maven.surefire.junit4.JUnit4Provider.invoke(JUnit4Provider.java:112)\n\tat sun.reflect.NativeMethodAccessorImpl.invoke0(Native Method)\n\tat sun.reflect.NativeMethodAccessorImpl.invoke(NativeMethodAccessorImpl.java:62)\n\tat sun.reflect.DelegatingMethodAccessorImpl.invoke(DelegatingMethodAccessorImpl.java:43)\n\tat java.lang.reflect.Method.invoke(Method.java:498)\n\tat org.apache.maven.surefire.util.ReflectionUtils.invokeMethodWithArray(ReflectionUtils.java:189)\n\tat org.apache.maven.surefire.booter.ProviderFactory$ProviderProxy.invoke(ProviderFactory.java:165)\n\tat org.apache.maven.surefire.booter.ProviderFactory.invokeProvider(ProviderFactory.java:85)\n\tat org.apache.maven.surefire.booter.ForkedBooter.runSuitesInProcess(ForkedBooter.java:115)\n\tat org.apache.maven.surefire.booter.ForkedBooter.main(ForkedBooter.java:75)\nCaused by: org.openqa.selenium.NoSuchElementException: Cannot locate an element using By.xpath: //XCUIElementTypeLink[contains(@name,'bject-oriented programming language')]\nFor documentation on this error, please visit: http://seleniumhq.org/exceptions/no_such_element.html\nBuild info: version: '3.12.0', revision: '7c6e0b3', time: '2018-05-08T14:04:26.12Z'\nSystem info: host: 'MacBook-Air-Dasha.local', ip: 'fe80:0:0:0:c7b:f026:e9b8:ea2d%en0', os.name: 'Mac OS X', os.arch: 'x86_64', os.version: '10.16', java.version: '1.8.0_261'\nDriver info: driver.version: unknown\n\tat org.openqa.selenium.support.ui.ExpectedConditions.lambda$findElement$0(ExpectedConditions.java:896)\n\tat java.util.Optional.orElseThrow(Optional.java:290)\n\tat org.openqa.selenium.support.ui.ExpectedConditions.findElement(ExpectedConditions.java:895)\n\tat org.openqa.selenium.support.ui.ExpectedConditions.access$000(ExpectedConditions.java:44)\n\tat org.openqa.selenium.support.ui.ExpectedConditions$6.apply(ExpectedConditions.java:183)\n\tat org.openqa.selenium.support.ui.ExpectedConditions$6.apply(ExpectedConditions.java:180)\n\tat org.openqa.selenium.support.ui.FluentWait.until(FluentWait.java:248)\n\t... 33 more\n"},"stage":"finished","steps":[{"name":"Run driver and session","status":"passed","stage":"finished","steps":[{"name":"rotate Screen to Portrait mode","status":"passed","stage":"finished","steps":[],"attachments":[],"parameters":[],"start":1614754409762,"stop":1614754410299},{"name":"Skip welcome page for mobile ios","status":"passed","stage":"finished","steps":[],"attachments":[],"parameters":[],"start":1614754410299,"stop":1614754411432},{"name":"open Wiki Web Page For Mobile Web","status":"passed","stage":"finished","steps":[],"attachments":[],"parameters":[],"start":1614754411432,"stop":1614754411432}],"attachments":[],"parameters":[],"start":1614754400512,"stop":1614754411432},{"name":"Start test testSearch","status":"broken","statusDetails":{"known":false,"muted":false,"flaky":false,"message":"Expected condition failed: Cannot find search result with substring bject-oriented programming language/n (tried for 5 second(s) with 500 milliseconds interval)","trace":"org.openqa.selenium.TimeoutException: Expected condition failed: Cannot find search result with substring bject-oriented programming language/n (tried for 5 second(s) with 500 milliseconds interval)\n\tat org.openqa.selenium.support.ui.WebDriverWait.timeoutException(WebDriverWait.java:81)\n\tat org.openqa.selenium.support.ui.FluentWait.until(FluentWait.java:271)\n\tat lib.ui.MainPageObject.waitForElementPresent(MainPageObject.java:33)\n\tat lib.ui.MainPageObject.waitForElementPresent(MainPageObject.java:39)\n\tat lib.ui.SearchPageObject.waitForSearchResult(SearchPageObject.java:56)\n\tat tests.SearchTests.testSearch_aroundBody0(SearchTests.java:26)\n\tat tests.SearchTests$AjcClosure1.run(SearchTests.java:1)\n\tat org.aspectj.runtime.reflect.JoinPointImpl.proceed(JoinPointImpl.java:149)\n\tat io.qameta.allure.aspects.StepsAspects.step(StepsAspects.java:50)\n\tat tests.SearchTests.testSearch(SearchTests.java:23)\n\tat sun.reflect.NativeMethodAccessorImpl.invoke0(Native Method)\n\tat sun.reflect.NativeMethodAccessorImpl.invoke(NativeMethodAccessorImpl.java:62)\n\tat sun.reflect.DelegatingMethodAccessorImpl.invoke(DelegatingMethodAccessorImpl.java:43)\n\tat java.lang.reflect.Method.invoke(Method.java:498)\n\tat junit.framework.TestCase.runTest(TestCase.java:176)\n\tat junit.framework.TestCase.runBare(TestCase.java:141)\n\tat junit.framework.TestResult$1.protect(TestResult.java:122)\n\tat junit.framework.TestResult.runProtected(TestResult.java:142)\n\tat junit.framework.TestResult.run(TestResult.java:125)\n\tat junit.framework.TestCase.run(TestCase.java:129)\n\tat junit.framework.TestSuite.runTest(TestSuite.java:252)\n\tat junit.framework.TestSuite.run(TestSuite.java:247)\n\tat org.junit.internal.runners.JUnit38ClassRunner.run(JUnit38ClassRunner.java:86)\n\tat org.apache.maven.surefire.junit4.JUnit4Provider.execute(JUnit4Provider.java:252)\n\tat org.apache.maven.surefire.junit4.JUnit4Provider.executeTestSet(JUnit4Provider.java:141)\n\tat org.apache.maven.surefire.junit4.JUnit4Provider.invoke(JUnit4Provider.java:112)\n\tat sun.reflect.NativeMethodAccessorImpl.invoke0(Native Method)\n\tat sun.reflect.NativeMethodAccessorImpl.invoke(NativeMethodAccessorImpl.java:62)\n\tat sun.reflect.DelegatingMethodAccessorImpl.invoke(DelegatingMethodAccessorImpl.java:43)\n\tat java.lang.reflect.Method.invoke(Method.java:498)\n\tat org.apache.maven.surefire.util.ReflectionUtils.invokeMethodWithArray(ReflectionUtils.java:189)\n\tat org.apache.maven.surefire.booter.ProviderFactory$ProviderProxy.invoke(ProviderFactory.java:165)\n\tat org.apache.maven.surefire.booter.ProviderFactory.invokeProvider(ProviderFactory.java:85)\n\tat org.apache.maven.surefire.booter.ForkedBooter.runSuitesInProcess(ForkedBooter.java:115)\n\tat org.apache.maven.surefire.booter.ForkedBooter.main(ForkedBooter.java:75)\nCaused by: org.openqa.selenium.NoSuchElementException: Cannot locate an element using By.xpath: //XCUIElementTypeLink[contains(@name,'bject-oriented programming language')]\nFor documentation on this error, please visit: http://seleniumhq.org/exceptions/no_such_element.html\nBuild info: version: '3.12.0', revision: '7c6e0b3', time: '2018-05-08T14:04:26.12Z'\nSystem info: host: 'MacBook-Air-Dasha.local', ip: 'fe80:0:0:0:c7b:f026:e9b8:ea2d%en0', os.name: 'Mac OS X', os.arch: 'x86_64', os.version: '10.16', java.version: '1.8.0_261'\nDriver info: driver.version: unknown\n\tat org.openqa.selenium.support.ui.ExpectedConditions.lambda$findElement$0(ExpectedConditions.java:896)\n\tat java.util.Optional.orElseThrow(Optional.java:290)\n\tat org.openqa.selenium.support.ui.ExpectedConditions.findElement(ExpectedConditions.java:895)\n\tat org.openqa.selenium.support.ui.ExpectedConditions.access$000(ExpectedConditions.java:44)\n\tat org.openqa.selenium.support.ui.ExpectedConditions$6.apply(ExpectedConditions.java:183)\n\tat org.openqa.selenium.support.ui.ExpectedConditions$6.apply(ExpectedConditions.java:180)\n\tat org.openqa.selenium.support.ui.FluentWait.until(FluentWait.java:248)\n\t... 33 more\n"},"stage":"finished","steps":[],"attachments":[],"parameters":[],"start":1614754411433,"stop":1614754442030},{"name":"Remove driver and session","status":"passed","stage":"finished","steps":[],"attachments":[],"parameters":[],"start":1614754442030,"stop":1614754443143}],"attachments":[],"parameters":[],"start":1614754400512,"stop":1614754443145,"uuid":"ad8268e2-df74-462e-b232-19a25dec0616","historyId":"ff88f2b95d9560c803df96bb45fbdb8","fullName":"tests.SearchTests.testSearch","labels":[{"name":"package","value":"tests"},{"name":"testClass","value":"tests.SearchTests"},{"name":"testMethod","value":"testSearch"},{"name":"suite","value":"tests.SearchTests"},{"name":"host","value":"MacBook-Air-Dasha.local"},{"name":"thread","value":"3069@MacBook-Air-Dasha.local.main(1)"},{"name":"epic","value":"Search"}],"links":[]}